<?xml version="1.0" encoding="UTF-8"?>
<testng-results ignored="0" total="1" passed="1" failed="0" skipped="0">
  <reporter-output>
  </reporter-output>
  <suite started-at="2025-01-22T11:28:34 IST" name="Default suite" finished-at="2025-01-22T11:28:39 IST" duration-ms="5618">
    <groups>
    </groups>
    <test started-at="2025-01-22T11:28:34 IST" name="Default test" finished-at="2025-01-22T11:28:39 IST" duration-ms="5618">
      <class name="extentReports.ToAddScreenshotIntoReport">
        <test-method signature="addScreeshot()[pri:0, instance:extentReports.ToAddScreenshotIntoReport@1d2adfbe]" started-at="2025-01-22T11:28:34 IST" name="addScreeshot" finished-at="2025-01-22T11:28:39 IST" duration-ms="5575" status="PASS">
          <reporter-output>
          </reporter-output>
        </test-method> <!-- addScreeshot -->
      </class> <!-- extentReports.ToAddScreenshotIntoReport -->
    </test> <!-- Default test -->
  </suite> <!-- Default suite -->
</testng-results>
