<?xml version="1.0" encoding="UTF-8"?>
<testng-results ignored="0" total="1" passed="1" failed="0" skipped="0">
  <reporter-output>
    <line>
      <![CDATA[https://demowebshop.tricentis.com/]]>
    </line>
  </reporter-output>
  <suite started-at="2025-01-21T10:58:43 IST" name="Surefire suite" finished-at="2025-01-21T10:58:49 IST" duration-ms="5434">
    <groups>
    </groups>
    <test started-at="2025-01-21T10:58:43 IST" name="Surefire test" finished-at="2025-01-21T10:58:49 IST" duration-ms="5434">
      <class name="demo.MavenParameterTest">
        <test-method signature="launch()[pri:0, instance:demo.MavenParameterTest@15761df8]" started-at="2025-01-21T10:58:43 IST" name="launch" finished-at="2025-01-21T10:58:49 IST" duration-ms="5399" status="PASS">
          <reporter-output>
            <line>
              <![CDATA[https://demowebshop.tricentis.com/]]>
            </line>
          </reporter-output>
        </test-method> <!-- launch -->
      </class> <!-- demo.MavenParameterTest -->
    </test> <!-- Surefire test -->
  </suite> <!-- Surefire suite -->
</testng-results>
